Using pre-set license
Built from '2020.3/staging' branch; Version is '2020.3.8f1 (507919d4fff5) revision 5273881'; Using compiler version '192528614'; Build Type 'Release'
OS: 'Windows 10 Education; OS build 19043.1237; Version 2009; 64bit' Language: 'en' Physical Memory: 32543 MB
BatchMode: 1, IsHumanControllingUs: 0, StartBugReporterOnCrash: 0, Is64bit: 1, IsPro: 0

 COMMAND LINE ARGUMENTS:
C:\Program Files\Unity\Hub\Editor\2020.3.8f1\Editor\Unity.exe
-adb2
-batchMode
-noUpm
-name
AssetImportWorker0
-projectPath
E:/TurcanStanislav/CombatSystem
-logFile
Logs/AssetImportWorker0.log
-srvPort
55374
Successfully changed project path to: E:/TurcanStanislav/CombatSystem
E:/TurcanStanislav/CombatSystem
Using Asset Import Pipeline V2.
Refreshing native plugins compatible for Editor in 26.12 ms, found 1 plugins.
Preloading 0 native plugins for Editor in 0.00 ms.
Initialize engine version: 2020.3.8f1 (507919d4fff5)
[Subsystems] Discovering subsystems at path C:/Program Files/Unity/Hub/Editor/2020.3.8f1/Editor/Data/Resources/UnitySubsystems
[Subsystems] Discovering subsystems at path E:/TurcanStanislav/CombatSystem/Assets
GfxDevice: creating device client; threaded=0
Direct3D:
    Version:  Direct3D 11.0 [level 11.1]
    Renderer: NVIDIA GeForce RTX 2070 SUPER (ID=0x1e84)
    Vendor:   
    VRAM:     8011 MB
    Driver:   30.0.14.7141
Initialize mono
Mono path[0] = 'C:/Program Files/Unity/Hub/Editor/2020.3.8f1/Editor/Data/Managed'
Mono path[1] = 'C:/Program Files/Unity/Hub/Editor/2020.3.8f1/Editor/Data/MonoBleedingEdge/lib/mono/unityjit'
Mono config path = 'C:/Program Files/Unity/Hub/Editor/2020.3.8f1/Editor/Data/MonoBleedingEdge/etc'
Using monoOptions --debugger-agent=transport=dt_socket,embedding=1,server=y,suspend=n,address=127.0.0.1:56908
Begin MonoManager ReloadAssembly
Registering precompiled unity dll's ...
Register platform support module: C:/Program Files/Unity/Hub/Editor/2020.3.8f1/Editor/Data/PlaybackEngines/WindowsStandaloneSupport/UnityEditor.WindowsStandalone.Extensions.dll
Registered in 0.001226 seconds.
Native extension for WindowsStandalone target not found
Refreshing native plugins compatible for Editor in 26.47 ms, found 1 plugins.
Preloading 0 native plugins for Editor in 0.00 ms.
Mono: successfully reloaded assembly
- Completed reload, in  0.745 seconds
Platform modules already initialized, skipping
Registering precompiled user dll's ...
Registered in 0.000441 seconds.
Begin MonoManager ReloadAssembly
Native extension for WindowsStandalone target not found
Refreshing native plugins compatible for Editor in 25.83 ms, found 1 plugins.
Preloading 0 native plugins for Editor in 0.00 ms.
Mono: successfully reloaded assembly
- Completed reload, in  0.641 seconds
Platform modules already initialized, skipping
========================================================================
Worker process is ready to serve import requests
Launched and connected shader compiler UnityShaderCompiler.exe after 0.03 seconds
Refreshing native plugins compatible for Editor in 0.31 ms, found 1 plugins.
Preloading 0 native plugins for Editor in 0.00 ms.
Unloading 1812 Unused Serialized files (Serialized files now loaded: 0)
System memory in use before: 84.8 MB.
System memory in use after: 84.9 MB.

Unloading 19 unused Assets to reduce memory usage. Loaded Objects now: 2259.
Total: 1.629000 ms (FindLiveObjects: 0.149700 ms CreateObjectMapping: 0.048000 ms MarkObjects: 1.388800 ms  DeleteObjects: 0.041800 ms)

========================================================================
Received Import Request.
  path: Assets/Scenes/SampleScene.unity
  artifactKey: Guid(2cda990e2423bbf4892e6590ba056729) Importer(815301076,1909f56bfc062723c751e8b465ee728b)
Start importing Assets/Scenes/SampleScene.unity using Guid(2cda990e2423bbf4892e6590ba056729) Importer(815301076,1909f56bfc062723c751e8b465ee728b)  -> (artifact id: '607f85a560b6573be0bcd59d2a73d43c') in 0.010909 seconds
  Import took 0.012830 seconds .

========================================================================
Received Import Request.
  Time since last request: 28.712269 seconds.
  path: Assets/Animation Controllers/Bandit.controller
  artifactKey: Guid(1a076a94e2538544cbd4b52ec4652ed2) Importer(815301076,1909f56bfc062723c751e8b465ee728b)
Start importing Assets/Animation Controllers/Bandit.controller using Guid(1a076a94e2538544cbd4b52ec4652ed2) Importer(815301076,1909f56bfc062723c751e8b465ee728b)  -> (artifact id: 'f84877a820fb88fbda2d2f0d7ff61893') in 0.018335 seconds
  Import took 0.020609 seconds .

========================================================================
Received Import Request.
  Time since last request: 13.039427 seconds.
  path: Assets/Animation Controllers/Player.controller
  artifactKey: Guid(b95265f99b6d90e438df1308a89c8bab) Importer(815301076,1909f56bfc062723c751e8b465ee728b)
Start importing Assets/Animation Controllers/Player.controller using Guid(b95265f99b6d90e438df1308a89c8bab) Importer(815301076,1909f56bfc062723c751e8b465ee728b)  -> (artifact id: 'a2dfd24ae42f0287ec12b8760ea15473') in 0.005491 seconds
  Import took 0.007620 seconds .

========================================================================
Received Prepare
Registering precompiled user dll's ...
Registered in 0.000522 seconds.
Begin MonoManager ReloadAssembly
Native extension for WindowsStandalone target not found
Refreshing native plugins compatible for Editor in 0.28 ms, found 1 plugins.
Preloading 0 native plugins for Editor in 0.00 ms.
Mono: successfully reloaded assembly
- Completed reload, in  0.588 seconds
Platform modules already initialized, skipping
Refreshing native plugins compatible for Editor in 0.24 ms, found 1 plugins.
Preloading 0 native plugins for Editor in 0.00 ms.
Unloading 1802 Unused Serialized files (Serialized files now loaded: 0)
System memory in use before: 84.3 MB.
System memory in use after: 84.4 MB.

Unloading 7 unused Assets to reduce memory usage. Loaded Objects now: 2263.
Total: 1.374600 ms (FindLiveObjects: 0.123400 ms CreateObjectMapping: 0.046100 ms MarkObjects: 1.192900 ms  DeleteObjects: 0.011200 ms)

========================================================================
Received Import Request.
  Time since last request: 307.825150 seconds.
  path: Assets/Sprites/pngfind.com-explosions-png-32584 1.png
  artifactKey: Guid(8497420e271f2a949858ace9e1a2b644) Importer(815301076,1909f56bfc062723c751e8b465ee728b)
Start importing Assets/Sprites/pngfind.com-explosions-png-32584 1.png using Guid(8497420e271f2a949858ace9e1a2b644) Importer(815301076,1909f56bfc062723c751e8b465ee728b)  -> (artifact id: 'd2a34bc1b65e53b951d27d7fdb979fb2') in 0.208298 seconds
  Import took 0.211161 seconds .

========================================================================
Received Import Request.
  Time since last request: 2.192731 seconds.
  path: Assets/Scripts
  artifactKey: Guid(d9ddf0ddd016dff4982fb9415d3c945e) Importer(815301076,1909f56bfc062723c751e8b465ee728b)
Start importing Assets/Scripts using Guid(d9ddf0ddd016dff4982fb9415d3c945e) Importer(815301076,1909f56bfc062723c751e8b465ee728b)  -> (artifact id: '699108086c99b0c1394a705ab61c3cc4') in 0.004537 seconds
  Import took 0.006867 seconds .

========================================================================
Received Import Request.
  Time since last request: 7.340641 seconds.
  path: Assets/Scripts/ShowText.cs
  artifactKey: Guid(3c6c0503580fd1042981d58338ecff4d) Importer(815301076,1909f56bfc062723c751e8b465ee728b)
Start importing Assets/Scripts/ShowText.cs using Guid(3c6c0503580fd1042981d58338ecff4d) Importer(815301076,1909f56bfc062723c751e8b465ee728b)  -> (artifact id: '072b3781d83c3a96de6724c02c3bdbaf') in 0.015265 seconds
  Import took 0.017730 seconds .

========================================================================
Received Prepare
Registering precompiled user dll's ...
Registered in 0.000378 seconds.
Begin MonoManager ReloadAssembly
Native extension for WindowsStandalone target not found
Refreshing native plugins compatible for Editor in 0.29 ms, found 1 plugins.
Preloading 0 native plugins for Editor in 0.00 ms.
Mono: successfully reloaded assembly
- Completed reload, in  0.585 seconds
Platform modules already initialized, skipping
Refreshing native plugins compatible for Editor in 0.26 ms, found 1 plugins.
Preloading 0 native plugins for Editor in 0.00 ms.
Unloading 1803 Unused Serialized files (Serialized files now loaded: 0)
System memory in use before: 87.5 MB.
System memory in use after: 87.6 MB.

Unloading 7 unused Assets to reduce memory usage. Loaded Objects now: 2341.
Total: 1.317200 ms (FindLiveObjects: 0.135400 ms CreateObjectMapping: 0.051100 ms MarkObjects: 1.120600 ms  DeleteObjects: 0.009600 ms)

========================================================================
Received Import Request.
  Time since last request: 93.429283 seconds.
  path: Assets/Scripts/ShowText.cs
  artifactKey: Guid(3c6c0503580fd1042981d58338ecff4d) Importer(815301076,1909f56bfc062723c751e8b465ee728b)
Start importing Assets/Scripts/ShowText.cs using Guid(3c6c0503580fd1042981d58338ecff4d) Importer(815301076,1909f56bfc062723c751e8b465ee728b)  -> (artifact id: '6f90ae6992e655600590167e0a39f411') in 0.003349 seconds
  Import took 0.005653 seconds .

========================================================================
Received Prepare
Registering precompiled user dll's ...
Registered in 0.000407 seconds.
Begin MonoManager ReloadAssembly
Native extension for WindowsStandalone target not found
Refreshing native plugins compatible for Editor in 0.29 ms, found 1 plugins.
Preloading 0 native plugins for Editor in 0.00 ms.
Mono: successfully reloaded assembly
- Completed reload, in  0.580 seconds
Platform modules already initialized, skipping
Refreshing native plugins compatible for Editor in 0.21 ms, found 1 plugins.
Preloading 0 native plugins for Editor in 0.00 ms.
Unloading 1803 Unused Serialized files (Serialized files now loaded: 0)
System memory in use before: 87.6 MB.
System memory in use after: 87.7 MB.

Unloading 7 unused Assets to reduce memory usage. Loaded Objects now: 2345.
Total: 1.320600 ms (FindLiveObjects: 0.132900 ms CreateObjectMapping: 0.050600 ms MarkObjects: 1.128100 ms  DeleteObjects: 0.008500 ms)

========================================================================
Received Import Request.
  Time since last request: 125.907069 seconds.
  path: Assets/Scripts/Enemy.cs
  artifactKey: Guid(456c87b0807023246911f8d43e2676c8) Importer(815301076,1909f56bfc062723c751e8b465ee728b)
Start importing Assets/Scripts/Enemy.cs using Guid(456c87b0807023246911f8d43e2676c8) Importer(815301076,1909f56bfc062723c751e8b465ee728b)  -> (artifact id: 'd9cbdd0b5ea93cfef6016ad14ce168d2') in 0.005813 seconds
  Import took 0.008138 seconds .

========================================================================
Received Import Request.
  Time since last request: 0.004190 seconds.
  path: Assets/Scripts/Enemy.cs
  artifactKey: Guid(456c87b0807023246911f8d43e2676c8) Importer(815301076,1909f56bfc062723c751e8b465ee728b)
Start importing Assets/Scripts/Enemy.cs using Guid(456c87b0807023246911f8d43e2676c8) Importer(815301076,1909f56bfc062723c751e8b465ee728b)  -> (artifact id: 'd9cbdd0b5ea93cfef6016ad14ce168d2') in 0.000872 seconds
  Import took 0.002959 seconds .

========================================================================
Received Import Request.
  Time since last request: 238.614680 seconds.
  path: Assets/Scripts/Enemy.cs
  artifactKey: Guid(456c87b0807023246911f8d43e2676c8) Importer(815301076,1909f56bfc062723c751e8b465ee728b)
Start importing Assets/Scripts/Enemy.cs using Guid(456c87b0807023246911f8d43e2676c8) Importer(815301076,1909f56bfc062723c751e8b465ee728b)  -> (artifact id: 'd1a6315e21b509593936625a9113a630') in 0.001587 seconds
  Import took 0.003798 seconds .

========================================================================
Received Import Request.
  Time since last request: 0.001039 seconds.
  path: Assets/Scripts/Enemy.cs
  artifactKey: Guid(456c87b0807023246911f8d43e2676c8) Importer(815301076,1909f56bfc062723c751e8b465ee728b)
Start importing Assets/Scripts/Enemy.cs using Guid(456c87b0807023246911f8d43e2676c8) Importer(815301076,1909f56bfc062723c751e8b465ee728b)  -> (artifact id: 'd1a6315e21b509593936625a9113a630') in 0.001436 seconds
  Import took 0.003426 seconds .

========================================================================
Received Import Request.
  Time since last request: 187.906866 seconds.
  path: Assets/Scripts/Enemy.cs
  artifactKey: Guid(456c87b0807023246911f8d43e2676c8) Importer(815301076,1909f56bfc062723c751e8b465ee728b)
Start importing Assets/Scripts/Enemy.cs using Guid(456c87b0807023246911f8d43e2676c8) Importer(815301076,1909f56bfc062723c751e8b465ee728b)  -> (artifact id: 'c9f3bd5cc9567cf30bd70fc074ba8537') in 0.000955 seconds
  Import took 0.003040 seconds .

========================================================================
Received Import Request.
  Time since last request: 0.001464 seconds.
  path: Assets/Scripts/Enemy.cs
  artifactKey: Guid(456c87b0807023246911f8d43e2676c8) Importer(815301076,1909f56bfc062723c751e8b465ee728b)
Start importing Assets/Scripts/Enemy.cs using Guid(456c87b0807023246911f8d43e2676c8) Importer(815301076,1909f56bfc062723c751e8b465ee728b)  -> (artifact id: 'c9f3bd5cc9567cf30bd70fc074ba8537') in 0.001449 seconds
  Import took 0.003434 seconds .

========================================================================
Received Import Request.
  Time since last request: 953.034059 seconds.
  path: Assets/Scripts/Enemy.cs
  artifactKey: Guid(456c87b0807023246911f8d43e2676c8) Importer(815301076,1909f56bfc062723c751e8b465ee728b)
Start importing Assets/Scripts/Enemy.cs using Guid(456c87b0807023246911f8d43e2676c8) Importer(815301076,1909f56bfc062723c751e8b465ee728b)  -> (artifact id: 'cbeca41af947f8bc2c03c60d0dfe5fc2') in 0.001417 seconds
  Import took 0.004393 seconds .

========================================================================
Received Import Request.
  Time since last request: 0.001014 seconds.
  path: Assets/Scripts/Enemy.cs
  artifactKey: Guid(456c87b0807023246911f8d43e2676c8) Importer(815301076,1909f56bfc062723c751e8b465ee728b)
Start importing Assets/Scripts/Enemy.cs using Guid(456c87b0807023246911f8d43e2676c8) Importer(815301076,1909f56bfc062723c751e8b465ee728b)  -> (artifact id: 'cbeca41af947f8bc2c03c60d0dfe5fc2') in 0.001762 seconds
  Import took 0.003804 seconds .

========================================================================
Received Import Request.
  Time since last request: 5.704143 seconds.
  path: Assets/Scripts/CombatSystem.cs
  artifactKey: Guid(c6fff0140c68d964cbbea4407364f5cd) Importer(815301076,1909f56bfc062723c751e8b465ee728b)
Start importing Assets/Scripts/CombatSystem.cs using Guid(c6fff0140c68d964cbbea4407364f5cd) Importer(815301076,1909f56bfc062723c751e8b465ee728b)  -> (artifact id: 'b791fd27a0502da7b2b6d7f0af6b01d1') in 0.004999 seconds
  Import took 0.007311 seconds .

========================================================================
Received Import Request.
  Time since last request: 0.000682 seconds.
  path: Assets/Scripts/CombatSystem.cs
  artifactKey: Guid(c6fff0140c68d964cbbea4407364f5cd) Importer(815301076,1909f56bfc062723c751e8b465ee728b)
Start importing Assets/Scripts/CombatSystem.cs using Guid(c6fff0140c68d964cbbea4407364f5cd) Importer(815301076,1909f56bfc062723c751e8b465ee728b)  -> (artifact id: 'b791fd27a0502da7b2b6d7f0af6b01d1') in 0.001016 seconds
  Import took 0.002913 seconds .

========================================================================
Received Import Request.
  Time since last request: 86.183554 seconds.
  path: ProjectSettings/TagManager.asset
  artifactKey: Guid(00000000000000003000000000000000) Importer(815301076,1909f56bfc062723c751e8b465ee728b)
Start importing ProjectSettings/TagManager.asset using Guid(00000000000000003000000000000000) Importer(815301076,1909f56bfc062723c751e8b465ee728b)  -> (artifact id: 'e3a9f394f05b2140f333b91eab509cac') in 0.012201 seconds
  Import took 0.014560 seconds .

========================================================================
Received Import Request.
  Time since last request: 637.447827 seconds.
  path: Assets/Bandits - Pixel Art
  artifactKey: Guid(7998f8065da43014989977617db0edc7) Importer(815301076,1909f56bfc062723c751e8b465ee728b)
Start importing Assets/Bandits - Pixel Art using Guid(7998f8065da43014989977617db0edc7) Importer(815301076,1909f56bfc062723c751e8b465ee728b)  -> (artifact id: 'b68c539429f9416b1ee650327e75312a') in 0.005120 seconds
  Import took 0.007683 seconds .

========================================================================
Received Prepare
Registering precompiled user dll's ...
Registered in 0.000494 seconds.
Begin MonoManager ReloadAssembly
Native extension for WindowsStandalone target not found
Refreshing native plugins compatible for Editor in 0.29 ms, found 1 plugins.
Preloading 0 native plugins for Editor in 0.00 ms.
Mono: successfully reloaded assembly
- Completed reload, in  0.569 seconds
Platform modules already initialized, skipping
Refreshing native plugins compatible for Editor in 0.24 ms, found 1 plugins.
Preloading 0 native plugins for Editor in 0.00 ms.
Unloading 1803 Unused Serialized files (Serialized files now loaded: 0)
System memory in use before: 87.6 MB.
System memory in use after: 87.7 MB.

Unloading 8 unused Assets to reduce memory usage. Loaded Objects now: 2349.
Total: 1.350000 ms (FindLiveObjects: 0.139800 ms CreateObjectMapping: 0.051300 ms MarkObjects: 1.147300 ms  DeleteObjects: 0.010900 ms)

========================================================================
Received Prepare
Registering precompiled user dll's ...
Registered in 0.000407 seconds.
Begin MonoManager ReloadAssembly
Native extension for WindowsStandalone target not found
Refreshing native plugins compatible for Editor in 0.29 ms, found 1 plugins.
Preloading 0 native plugins for Editor in 0.00 ms.
Mono: successfully reloaded assembly
- Completed reload, in  0.573 seconds
Platform modules already initialized, skipping
Refreshing native plugins compatible for Editor in 0.25 ms, found 1 plugins.
Preloading 0 native plugins for Editor in 0.00 ms.
Unloading 1803 Unused Serialized files (Serialized files now loaded: 0)
System memory in use before: 87.6 MB.
System memory in use after: 87.7 MB.

Unloading 7 unused Assets to reduce memory usage. Loaded Objects now: 2353.
Total: 1.323500 ms (FindLiveObjects: 0.134100 ms CreateObjectMapping: 0.049200 ms MarkObjects: 1.130500 ms  DeleteObjects: 0.009000 ms)

========================================================================
Received Prepare
Registering precompiled user dll's ...
Registered in 0.000411 seconds.
Begin MonoManager ReloadAssembly
Native extension for WindowsStandalone target not found
Refreshing native plugins compatible for Editor in 0.28 ms, found 1 plugins.
Preloading 0 native plugins for Editor in 0.00 ms.
Mono: successfully reloaded assembly
- Completed reload, in  0.571 seconds
Platform modules already initialized, skipping
Refreshing native plugins compatible for Editor in 0.24 ms, found 1 plugins.
Preloading 0 native plugins for Editor in 0.00 ms.
Unloading 1803 Unused Serialized files (Serialized files now loaded: 0)
System memory in use before: 87.6 MB.
System memory in use after: 87.7 MB.

Unloading 7 unused Assets to reduce memory usage. Loaded Objects now: 2357.
Total: 1.333500 ms (FindLiveObjects: 0.135300 ms CreateObjectMapping: 0.048800 ms MarkObjects: 1.139300 ms  DeleteObjects: 0.009500 ms)

========================================================================
Received Prepare
Registering precompiled user dll's ...
Registered in 0.000521 seconds.
Begin MonoManager ReloadAssembly
Native extension for WindowsStandalone target not found
Refreshing native plugins compatible for Editor in 0.29 ms, found 1 plugins.
Preloading 0 native plugins for Editor in 0.00 ms.
Mono: successfully reloaded assembly
- Completed reload, in  0.593 seconds
Platform modules already initialized, skipping
Refreshing native plugins compatible for Editor in 0.31 ms, found 1 plugins.
Preloading 0 native plugins for Editor in 0.00 ms.
Unloading 1803 Unused Serialized files (Serialized files now loaded: 0)
System memory in use before: 87.6 MB.
System memory in use after: 87.7 MB.

Unloading 7 unused Assets to reduce memory usage. Loaded Objects now: 2361.
Total: 1.393600 ms (FindLiveObjects: 0.154400 ms CreateObjectMapping: 0.062400 ms MarkObjects: 1.167100 ms  DeleteObjects: 0.009100 ms)

========================================================================
Received Prepare
Registering precompiled user dll's ...
Registered in 0.000544 seconds.
Begin MonoManager ReloadAssembly
Native extension for WindowsStandalone target not found
Refreshing native plugins compatible for Editor in 0.28 ms, found 1 plugins.
Preloading 0 native plugins for Editor in 0.00 ms.
Mono: successfully reloaded assembly
- Completed reload, in  0.590 seconds
Platform modules already initialized, skipping
Refreshing native plugins compatible for Editor in 0.20 ms, found 1 plugins.
Preloading 0 native plugins for Editor in 0.00 ms.
Unloading 1803 Unused Serialized files (Serialized files now loaded: 0)
System memory in use before: 87.6 MB.
System memory in use after: 87.7 MB.

Unloading 7 unused Assets to reduce memory usage. Loaded Objects now: 2365.
Total: 1.329300 ms (FindLiveObjects: 0.123800 ms CreateObjectMapping: 0.045200 ms MarkObjects: 1.150700 ms  DeleteObjects: 0.009000 ms)

========================================================================
Received Prepare
Registering precompiled user dll's ...
Registered in 0.000378 seconds.
Begin MonoManager ReloadAssembly
Native extension for WindowsStandalone target not found
Refreshing native plugins compatible for Editor in 0.29 ms, found 1 plugins.
Preloading 0 native plugins for Editor in 0.00 ms.
Mono: successfully reloaded assembly
- Completed reload, in  0.572 seconds
Platform modules already initialized, skipping
Refreshing native plugins compatible for Editor in 0.22 ms, found 1 plugins.
Preloading 0 native plugins for Editor in 0.00 ms.
Unloading 1803 Unused Serialized files (Serialized files now loaded: 0)
System memory in use before: 87.6 MB.
System memory in use after: 87.8 MB.

Unloading 7 unused Assets to reduce memory usage. Loaded Objects now: 2369.
Total: 1.337600 ms (FindLiveObjects: 0.129200 ms CreateObjectMapping: 0.047100 ms MarkObjects: 1.150900 ms  DeleteObjects: 0.009900 ms)

========================================================================
Received Prepare
Registering precompiled user dll's ...
Registered in 0.000416 seconds.
Begin MonoManager ReloadAssembly
Native extension for WindowsStandalone target not found
Refreshing native plugins compatible for Editor in 0.31 ms, found 1 plugins.
Preloading 0 native plugins for Editor in 0.00 ms.
Mono: successfully reloaded assembly
- Completed reload, in  0.597 seconds
Platform modules already initialized, skipping
Refreshing native plugins compatible for Editor in 0.29 ms, found 1 plugins.
Preloading 0 native plugins for Editor in 0.00 ms.
Unloading 1803 Unused Serialized files (Serialized files now loaded: 0)
System memory in use before: 87.6 MB.
System memory in use after: 87.8 MB.

Unloading 7 unused Assets to reduce memory usage. Loaded Objects now: 2373.
Total: 1.460100 ms (FindLiveObjects: 0.158200 ms CreateObjectMapping: 0.057400 ms MarkObjects: 1.231500 ms  DeleteObjects: 0.012200 ms)

========================================================================
Received Prepare
Registering precompiled user dll's ...
Registered in 0.000469 seconds.
Begin MonoManager ReloadAssembly
Native extension for WindowsStandalone target not found
Refreshing native plugins compatible for Editor in 0.29 ms, found 1 plugins.
Preloading 0 native plugins for Editor in 0.00 ms.
Mono: successfully reloaded assembly
- Completed reload, in  0.587 seconds
Platform modules already initialized, skipping
Refreshing native plugins compatible for Editor in 0.23 ms, found 1 plugins.
Preloading 0 native plugins for Editor in 0.00 ms.
Unloading 1803 Unused Serialized files (Serialized files now loaded: 0)
System memory in use before: 87.7 MB.
System memory in use after: 87.8 MB.

Unloading 7 unused Assets to reduce memory usage. Loaded Objects now: 2377.
Total: 1.374000 ms (FindLiveObjects: 0.132900 ms CreateObjectMapping: 0.047900 ms MarkObjects: 1.176300 ms  DeleteObjects: 0.016400 ms)

========================================================================
Received Prepare
Registering precompiled user dll's ...
Registered in 0.000412 seconds.
Begin MonoManager ReloadAssembly
Native extension for WindowsStandalone target not found
Refreshing native plugins compatible for Editor in 0.30 ms, found 1 plugins.
Preloading 0 native plugins for Editor in 0.00 ms.
Mono: successfully reloaded assembly
- Completed reload, in  0.579 seconds
Platform modules already initialized, skipping
Refreshing native plugins compatible for Editor in 0.28 ms, found 1 plugins.
Preloading 0 native plugins for Editor in 0.00 ms.
Unloading 1803 Unused Serialized files (Serialized files now loaded: 0)
System memory in use before: 87.7 MB.
System memory in use after: 87.8 MB.

Unloading 7 unused Assets to reduce memory usage. Loaded Objects now: 2381.
Total: 1.354900 ms (FindLiveObjects: 0.139000 ms CreateObjectMapping: 0.050100 ms MarkObjects: 1.155400 ms  DeleteObjects: 0.009800 ms)

========================================================================
Received Prepare
Registering precompiled user dll's ...
Registered in 0.000423 seconds.
Begin MonoManager ReloadAssembly
Native extension for WindowsStandalone target not found
Refreshing native plugins compatible for Editor in 0.29 ms, found 1 plugins.
Preloading 0 native plugins for Editor in 0.00 ms.
Mono: successfully reloaded assembly
- Completed reload, in  0.592 seconds
Platform modules already initialized, skipping
Refreshing native plugins compatible for Editor in 0.22 ms, found 1 plugins.
Preloading 0 native plugins for Editor in 0.00 ms.
Unloading 1803 Unused Serialized files (Serialized files now loaded: 0)
System memory in use before: 87.7 MB.
System memory in use after: 87.8 MB.

Unloading 7 unused Assets to reduce memory usage. Loaded Objects now: 2385.
Total: 1.474500 ms (FindLiveObjects: 0.152200 ms CreateObjectMapping: 0.047700 ms MarkObjects: 1.261900 ms  DeleteObjects: 0.012000 ms)

========================================================================
Received Import Request.
  Time since last request: 727.233940 seconds.
  path: Assets/Animations/Light Bandit
  artifactKey: Guid(589cc16c1bd89934ab5ca6f7d9a33cc2) Importer(815301076,1909f56bfc062723c751e8b465ee728b)
Start importing Assets/Animations/Light Bandit using Guid(589cc16c1bd89934ab5ca6f7d9a33cc2) Importer(815301076,1909f56bfc062723c751e8b465ee728b)  -> (artifact id: '5059c3fbf6058cab09e08a06662c9dd4') in 0.007094 seconds
  Import took 0.009310 seconds .

========================================================================
Received Import Request.
  Time since last request: 3.496820 seconds.
  path: Assets/Animations/Light Bandit/LightBandit_Attack.anim
  artifactKey: Guid(f50ea1e86c917ee4a886801ca2d6f4c2) Importer(815301076,1909f56bfc062723c751e8b465ee728b)
Start importing Assets/Animations/Light Bandit/LightBandit_Attack.anim using Guid(f50ea1e86c917ee4a886801ca2d6f4c2) Importer(815301076,1909f56bfc062723c751e8b465ee728b)  -> (artifact id: 'aa78737ec15999a1c92076f9cd4a905c') in 0.014314 seconds
  Import took 0.016790 seconds .

========================================================================
Received Import Request.
  Time since last request: 38.913880 seconds.
  path: Assets/Bandits - Pixel Art/Sprites/LightBandit.png
  artifactKey: Guid(f2ed27d6c1c3ccc48959bcca269d88f0) Importer(815301076,1909f56bfc062723c751e8b465ee728b)
Start importing Assets/Bandits - Pixel Art/Sprites/LightBandit.png using Guid(f2ed27d6c1c3ccc48959bcca269d88f0) Importer(815301076,1909f56bfc062723c751e8b465ee728b)  -> (artifact id: '9412ea57efe3463bbe57aaa09ea1929c') in 0.073564 seconds
  Import took 0.076110 seconds .

========================================================================
Received Import Request.
  Time since last request: 28.634604 seconds.
  path: Assets/Bandits - Pixel Art/Sprites
  artifactKey: Guid(9a78476a3a5328641be59096a0f53e7f) Importer(815301076,1909f56bfc062723c751e8b465ee728b)
Start importing Assets/Bandits - Pixel Art/Sprites using Guid(9a78476a3a5328641be59096a0f53e7f) Importer(815301076,1909f56bfc062723c751e8b465ee728b)  -> (artifact id: 'd838691cee53b98b706cf19f6f7261fa') in 0.004481 seconds
  Import took 0.006800 seconds .

========================================================================
Received Import Request.
  Time since last request: 0.090569 seconds.
  path: Assets/Bandits - Pixel Art/Sprites/Background.png
  artifactKey: Guid(0ce96aa6462620e47ac56eccbb027deb) Importer(815301076,1909f56bfc062723c751e8b465ee728b)
Start importing Assets/Bandits - Pixel Art/Sprites/Background.png using Guid(0ce96aa6462620e47ac56eccbb027deb) Importer(815301076,1909f56bfc062723c751e8b465ee728b)  -> (artifact id: '3b50a355868626175601aed2dac9211a') in 0.009058 seconds
  Import took 0.011241 seconds .

========================================================================
Received Import Request.
  Time since last request: 0.000204 seconds.
  path: Assets/Bandits - Pixel Art/Sprites/HeavyBandit.png
  artifactKey: Guid(317b8365a4649ab459f6cb58ec8f9f18) Importer(815301076,1909f56bfc062723c751e8b465ee728b)
Start importing Assets/Bandits - Pixel Art/Sprites/HeavyBandit.png using Guid(317b8365a4649ab459f6cb58ec8f9f18) Importer(815301076,1909f56bfc062723c751e8b465ee728b)  -> (artifact id: '511672ad0aca44b283244475086a645b') in 0.074161 seconds
  Import took 0.076319 seconds .

========================================================================
Received Import Request.
  Time since last request: 0.000208 seconds.
  path: Assets/Bandits - Pixel Art/Sprites/EnvironmentTiles.png
  artifactKey: Guid(e10f9fe96b3acda42b06f252bba789de) Importer(815301076,1909f56bfc062723c751e8b465ee728b)
Start importing Assets/Bandits - Pixel Art/Sprites/EnvironmentTiles.png using Guid(e10f9fe96b3acda42b06f252bba789de) Importer(815301076,1909f56bfc062723c751e8b465ee728b)  -> (artifact id: '720f161bcb10ba5e85d20bb997c03840') in 0.019518 seconds
  Import took 0.021572 seconds .

========================================================================
Received Prepare
Registering precompiled user dll's ...
Registered in 0.000539 seconds.
Begin MonoManager ReloadAssembly
Native extension for WindowsStandalone target not found
Refreshing native plugins compatible for Editor in 0.29 ms, found 1 plugins.
Preloading 0 native plugins for Editor in 0.00 ms.
Mono: successfully reloaded assembly
- Completed reload, in  0.569 seconds
Platform modules already initialized, skipping
Refreshing native plugins compatible for Editor in 0.24 ms, found 1 plugins.
Preloading 0 native plugins for Editor in 0.00 ms.
Unloading 1803 Unused Serialized files (Serialized files now loaded: 0)
System memory in use before: 87.7 MB.
System memory in use after: 87.8 MB.

Unloading 7 unused Assets to reduce memory usage. Loaded Objects now: 2398.
Total: 1.397200 ms (FindLiveObjects: 0.142700 ms CreateObjectMapping: 0.049600 ms MarkObjects: 1.192400 ms  DeleteObjects: 0.011700 ms)

========================================================================
Received Prepare
Registering precompiled user dll's ...
Registered in 0.000485 seconds.
Begin MonoManager ReloadAssembly
Native extension for WindowsStandalone target not found
Refreshing native plugins compatible for Editor in 0.28 ms, found 1 plugins.
Preloading 0 native plugins for Editor in 0.00 ms.
Mono: successfully reloaded assembly
- Completed reload, in  0.596 seconds
Platform modules already initialized, skipping
Refreshing native plugins compatible for Editor in 0.21 ms, found 1 plugins.
Preloading 0 native plugins for Editor in 0.00 ms.
Unloading 1803 Unused Serialized files (Serialized files now loaded: 0)
System memory in use before: 87.7 MB.
System memory in use after: 87.8 MB.

Unloading 7 unused Assets to reduce memory usage. Loaded Objects now: 2402.
Total: 1.361900 ms (FindLiveObjects: 0.148000 ms CreateObjectMapping: 0.050200 ms MarkObjects: 1.151200 ms  DeleteObjects: 0.011800 ms)

========================================================================
Received Prepare
Registering precompiled user dll's ...
Registered in 0.000444 seconds.
Begin MonoManager ReloadAssembly
Native extension for WindowsStandalone target not found
Refreshing native plugins compatible for Editor in 0.31 ms, found 1 plugins.
Preloading 0 native plugins for Editor in 0.00 ms.
Mono: successfully reloaded assembly
- Completed reload, in  0.575 seconds
Platform modules already initialized, skipping
Refreshing native plugins compatible for Editor in 0.25 ms, found 1 plugins.
Preloading 0 native plugins for Editor in 0.00 ms.
Unloading 1803 Unused Serialized files (Serialized files now loaded: 0)
System memory in use before: 87.7 MB.
System memory in use after: 87.8 MB.

Unloading 7 unused Assets to reduce memory usage. Loaded Objects now: 2406.
Total: 1.374200 ms (FindLiveObjects: 0.144200 ms CreateObjectMapping: 0.050700 ms MarkObjects: 1.168400 ms  DeleteObjects: 0.010300 ms)

========================================================================
Received Prepare
Registering precompiled user dll's ...
Registered in 0.000404 seconds.
Begin MonoManager ReloadAssembly
Native extension for WindowsStandalone target not found
Refreshing native plugins compatible for Editor in 0.29 ms, found 1 plugins.
Preloading 0 native plugins for Editor in 0.00 ms.
Mono: successfully reloaded assembly
- Completed reload, in  0.577 seconds
Platform modules already initialized, skipping
Refreshing native plugins compatible for Editor in 0.24 ms, found 1 plugins.
Preloading 0 native plugins for Editor in 0.00 ms.
Unloading 1803 Unused Serialized files (Serialized files now loaded: 0)
System memory in use before: 87.7 MB.
System memory in use after: 87.8 MB.

Unloading 7 unused Assets to reduce memory usage. Loaded Objects now: 2410.
Total: 1.365100 ms (FindLiveObjects: 0.137000 ms CreateObjectMapping: 0.051000 ms MarkObjects: 1.166700 ms  DeleteObjects: 0.009800 ms)

========================================================================
Received Prepare
Registering precompiled user dll's ...
Registered in 0.000512 seconds.
Begin MonoManager ReloadAssembly
Native extension for WindowsStandalone target not found
Refreshing native plugins compatible for Editor in 0.28 ms, found 1 plugins.
Preloading 0 native plugins for Editor in 0.00 ms.
Mono: successfully reloaded assembly
- Completed reload, in  0.585 seconds
Platform modules already initialized, skipping
Refreshing native plugins compatible for Editor in 0.22 ms, found 1 plugins.
Preloading 0 native plugins for Editor in 0.00 ms.
Unloading 1803 Unused Serialized files (Serialized files now loaded: 0)
System memory in use before: 87.7 MB.
System memory in use after: 87.9 MB.

Unloading 7 unused Assets to reduce memory usage. Loaded Objects now: 2414.
Total: 1.342200 ms (FindLiveObjects: 0.134800 ms CreateObjectMapping: 0.048500 ms MarkObjects: 1.147700 ms  DeleteObjects: 0.010100 ms)

========================================================================
Received Import Request.
  Time since last request: 638.559839 seconds.
  path: Assets/Prefabs/Bandit.prefab
  artifactKey: Guid(3248535f6a2562c489a1223a75951ef2) Importer(815301076,1909f56bfc062723c751e8b465ee728b)
Start importing Assets/Prefabs/Bandit.prefab using Guid(3248535f6a2562c489a1223a75951ef2) Importer(815301076,1909f56bfc062723c751e8b465ee728b)  -> (artifact id: '3fc652405c151f6de11ad4e4fc0656d1') in 0.046914 seconds
  Import took 0.049491 seconds .

========================================================================
Received Import Request.
  Time since last request: 0.000260 seconds.
  path: Assets/Prefabs/Player.prefab
  artifactKey: Guid(2e2183501755a214591e802f3aff33d2) Importer(815301076,1909f56bfc062723c751e8b465ee728b)
Start importing Assets/Prefabs/Player.prefab using Guid(2e2183501755a214591e802f3aff33d2) Importer(815301076,1909f56bfc062723c751e8b465ee728b)  -> (artifact id: '57ce453b5989a00a0c1a77175b169faa') in 0.012211 seconds
  Import took 0.014427 seconds .

========================================================================
Received Import Request.
  Time since last request: 14.277739 seconds.
  path: Assets/Scripts/AttackZone.cs
  artifactKey: Guid(5cf6436abdc492647924f99763d22842) Importer(815301076,1909f56bfc062723c751e8b465ee728b)
Start importing Assets/Scripts/AttackZone.cs using Guid(5cf6436abdc492647924f99763d22842) Importer(815301076,1909f56bfc062723c751e8b465ee728b)  -> (artifact id: 'dbfc16635296c1cdf735b3e563276265') in 0.004563 seconds
  Import took 0.006784 seconds .

========================================================================
Received Prepare
Registering precompiled user dll's ...
Registered in 0.000406 seconds.
Begin MonoManager ReloadAssembly
Native extension for WindowsStandalone target not found
Refreshing native plugins compatible for Editor in 0.29 ms, found 1 plugins.
Preloading 0 native plugins for Editor in 0.00 ms.
Mono: successfully reloaded assembly
- Completed reload, in  0.600 seconds
Platform modules already initialized, skipping
Refreshing native plugins compatible for Editor in 0.23 ms, found 1 plugins.
Preloading 0 native plugins for Editor in 0.00 ms.
Unloading 1804 Unused Serialized files (Serialized files now loaded: 0)
System memory in use before: 87.8 MB.
System memory in use after: 87.9 MB.

Unloading 7 unused Assets to reduce memory usage. Loaded Objects now: 2423.
Total: 1.356700 ms (FindLiveObjects: 0.142600 ms CreateObjectMapping: 0.050200 ms MarkObjects: 1.153300 ms  DeleteObjects: 0.010000 ms)

========================================================================
Received Import Request.
  Time since last request: 7.533555 seconds.
  path: Assets/Scripts/AttackZone.cs
  artifactKey: Guid(5cf6436abdc492647924f99763d22842) Importer(815301076,1909f56bfc062723c751e8b465ee728b)
Start importing Assets/Scripts/AttackZone.cs using Guid(5cf6436abdc492647924f99763d22842) Importer(815301076,1909f56bfc062723c751e8b465ee728b)  -> (artifact id: '4120c6fc9344a71d379207562c4b06bc') in 0.003001 seconds
  Import took 0.005177 seconds .

========================================================================
Received Import Request.
  Time since last request: 0.000625 seconds.
  path: Assets/Scripts/AttackZone.cs
  artifactKey: Guid(5cf6436abdc492647924f99763d22842) Importer(815301076,1909f56bfc062723c751e8b465ee728b)
Start importing Assets/Scripts/AttackZone.cs using Guid(5cf6436abdc492647924f99763d22842) Importer(815301076,1909f56bfc062723c751e8b465ee728b)  -> (artifact id: '4120c6fc9344a71d379207562c4b06bc') in 0.000941 seconds
  Import took 0.002835 seconds .

========================================================================
Received Prepare
Registering precompiled user dll's ...
Registered in 0.000390 seconds.
Begin MonoManager ReloadAssembly
Native extension for WindowsStandalone target not found
Refreshing native plugins compatible for Editor in 0.29 ms, found 1 plugins.
Preloading 0 native plugins for Editor in 0.00 ms.
Mono: successfully reloaded assembly
- Completed reload, in  0.578 seconds
Platform modules already initialized, skipping
Refreshing native plugins compatible for Editor in 0.21 ms, found 1 plugins.
Preloading 0 native plugins for Editor in 0.00 ms.
Unloading 1804 Unused Serialized files (Serialized files now loaded: 0)
System memory in use before: 87.8 MB.
System memory in use after: 87.9 MB.

Unloading 7 unused Assets to reduce memory usage. Loaded Objects now: 2427.
Total: 1.318600 ms (FindLiveObjects: 0.130300 ms CreateObjectMapping: 0.050100 ms MarkObjects: 1.129100 ms  DeleteObjects: 0.008500 ms)

========================================================================
Received Import Request.
  Time since last request: 62.796902 seconds.
  path: Assets/Scripts/AttackZone.cs
  artifactKey: Guid(5cf6436abdc492647924f99763d22842) Importer(815301076,1909f56bfc062723c751e8b465ee728b)
Start importing Assets/Scripts/AttackZone.cs using Guid(5cf6436abdc492647924f99763d22842) Importer(815301076,1909f56bfc062723c751e8b465ee728b)  -> (artifact id: '12463cb010166e575fc464076fd9a271') in 0.002945 seconds
  Import took 0.005115 seconds .

========================================================================
Received Import Request.
  Time since last request: 0.002928 seconds.
  path: Assets/Scripts/AttackZone.cs
  artifactKey: Guid(5cf6436abdc492647924f99763d22842) Importer(815301076,1909f56bfc062723c751e8b465ee728b)
Start importing Assets/Scripts/AttackZone.cs using Guid(5cf6436abdc492647924f99763d22842) Importer(815301076,1909f56bfc062723c751e8b465ee728b)  -> (artifact id: '12463cb010166e575fc464076fd9a271') in 0.000957 seconds
  Import took 0.002850 seconds .

========================================================================
Received Prepare
Registering precompiled user dll's ...
Registered in 0.000380 seconds.
Begin MonoManager ReloadAssembly
Native extension for WindowsStandalone target not found
Refreshing native plugins compatible for Editor in 0.29 ms, found 1 plugins.
Preloading 0 native plugins for Editor in 0.00 ms.
Mono: successfully reloaded assembly
- Completed reload, in  0.579 seconds
Platform modules already initialized, skipping
Refreshing native plugins compatible for Editor in 0.24 ms, found 1 plugins.
Preloading 0 native plugins for Editor in 0.00 ms.
Unloading 1804 Unused Serialized files (Serialized files now loaded: 0)
System memory in use before: 87.8 MB.
System memory in use after: 87.9 MB.

Unloading 7 unused Assets to reduce memory usage. Loaded Objects now: 2431.
Total: 1.442400 ms (FindLiveObjects: 0.167300 ms CreateObjectMapping: 0.064500 ms MarkObjects: 1.198900 ms  DeleteObjects: 0.010800 ms)

========================================================================
Received Import Request.
  Time since last request: 67.667065 seconds.
  path: Assets/Scripts/AttackZone.cs
  artifactKey: Guid(5cf6436abdc492647924f99763d22842) Importer(815301076,1909f56bfc062723c751e8b465ee728b)
Start importing Assets/Scripts/AttackZone.cs using Guid(5cf6436abdc492647924f99763d22842) Importer(815301076,1909f56bfc062723c751e8b465ee728b)  -> (artifact id: '889078e0fa371fe07068766ebe9a08b1') in 0.003015 seconds
  Import took 0.005214 seconds .

========================================================================
Received Import Request.
  Time since last request: 0.001231 seconds.
  path: Assets/Scripts/AttackZone.cs
  artifactKey: Guid(5cf6436abdc492647924f99763d22842) Importer(815301076,1909f56bfc062723c751e8b465ee728b)
Start importing Assets/Scripts/AttackZone.cs using Guid(5cf6436abdc492647924f99763d22842) Importer(815301076,1909f56bfc062723c751e8b465ee728b)  -> (artifact id: '889078e0fa371fe07068766ebe9a08b1') in 0.000859 seconds
  Import took 0.002655 seconds .

========================================================================
Received Import Request.
  Time since last request: 7.065571 seconds.
  path: Assets/Scripts/AttackZone.cs
  artifactKey: Guid(5cf6436abdc492647924f99763d22842) Importer(815301076,1909f56bfc062723c751e8b465ee728b)
Start importing Assets/Scripts/AttackZone.cs using Guid(5cf6436abdc492647924f99763d22842) Importer(815301076,1909f56bfc062723c751e8b465ee728b)  -> (artifact id: '84fe950d14d83482fc0b9f28cb8095da') in 0.000996 seconds
  Import took 0.003126 seconds .

========================================================================
Received Import Request.
  Time since last request: 0.000996 seconds.
  path: Assets/Scripts/AttackZone.cs
  artifactKey: Guid(5cf6436abdc492647924f99763d22842) Importer(815301076,1909f56bfc062723c751e8b465ee728b)
Start importing Assets/Scripts/AttackZone.cs using Guid(5cf6436abdc492647924f99763d22842) Importer(815301076,1909f56bfc062723c751e8b465ee728b)  -> (artifact id: '84fe950d14d83482fc0b9f28cb8095da') in 0.000868 seconds
  Import took 0.002779 seconds .

========================================================================
Received Prepare
Registering precompiled user dll's ...
Registered in 0.000379 seconds.
Begin MonoManager ReloadAssembly
Native extension for WindowsStandalone target not found
Refreshing native plugins compatible for Editor in 0.29 ms, found 1 plugins.
Preloading 0 native plugins for Editor in 0.00 ms.
Mono: successfully reloaded assembly
- Completed reload, in  0.587 seconds
Platform modules already initialized, skipping
Refreshing native plugins compatible for Editor in 0.23 ms, found 1 plugins.
Preloading 0 native plugins for Editor in 0.00 ms.
Unloading 1804 Unused Serialized files (Serialized files now loaded: 0)
System memory in use before: 87.8 MB.
System memory in use after: 88.0 MB.

Unloading 7 unused Assets to reduce memory usage. Loaded Objects now: 2435.
Total: 1.344300 ms (FindLiveObjects: 0.137700 ms CreateObjectMapping: 0.048300 ms MarkObjects: 1.147700 ms  DeleteObjects: 0.009900 ms)

========================================================================
Received Import Request.
  Time since last request: 23.649587 seconds.
  path: Assets/Scripts/AttackZone.cs
  artifactKey: Guid(5cf6436abdc492647924f99763d22842) Importer(815301076,1909f56bfc062723c751e8b465ee728b)
Start importing Assets/Scripts/AttackZone.cs using Guid(5cf6436abdc492647924f99763d22842) Importer(815301076,1909f56bfc062723c751e8b465ee728b)  -> (artifact id: '8d6fe3f652e8dfb64cc37e4574680627') in 0.002793 seconds
  Import took 0.004966 seconds .

========================================================================
Received Import Request.
  Time since last request: 0.000572 seconds.
  path: Assets/Scripts/AttackZone.cs
  artifactKey: Guid(5cf6436abdc492647924f99763d22842) Importer(815301076,1909f56bfc062723c751e8b465ee728b)
Start importing Assets/Scripts/AttackZone.cs using Guid(5cf6436abdc492647924f99763d22842) Importer(815301076,1909f56bfc062723c751e8b465ee728b)  -> (artifact id: '8d6fe3f652e8dfb64cc37e4574680627') in 0.000978 seconds
  Import took 0.002992 seconds .

========================================================================
Received Prepare
Registering precompiled user dll's ...
Registered in 0.000392 seconds.
Begin MonoManager ReloadAssembly
Native extension for WindowsStandalone target not found
Refreshing native plugins compatible for Editor in 0.30 ms, found 1 plugins.
Preloading 0 native plugins for Editor in 0.00 ms.
Mono: successfully reloaded assembly
- Completed reload, in  0.586 seconds
Platform modules already initialized, skipping
Refreshing native plugins compatible for Editor in 0.27 ms, found 1 plugins.
Preloading 0 native plugins for Editor in 0.00 ms.
Unloading 1804 Unused Serialized files (Serialized files now loaded: 0)
System memory in use before: 87.8 MB.
System memory in use after: 88.0 MB.

Unloading 7 unused Assets to reduce memory usage. Loaded Objects now: 2439.
Total: 1.366500 ms (FindLiveObjects: 0.138600 ms CreateObjectMapping: 0.049500 ms MarkObjects: 1.167400 ms  DeleteObjects: 0.010300 ms)

========================================================================
Received Prepare
Registering precompiled user dll's ...
Registered in 0.000401 seconds.
Begin MonoManager ReloadAssembly
Native extension for WindowsStandalone target not found
Refreshing native plugins compatible for Editor in 0.37 ms, found 1 plugins.
Preloading 0 native plugins for Editor in 0.00 ms.
Mono: successfully reloaded assembly
- Completed reload, in  0.577 seconds
Platform modules already initialized, skipping
Refreshing native plugins compatible for Editor in 0.25 ms, found 1 plugins.
Preloading 0 native plugins for Editor in 0.00 ms.
Unloading 1804 Unused Serialized files (Serialized files now loaded: 0)
System memory in use before: 87.9 MB.
System memory in use after: 88.0 MB.

Unloading 7 unused Assets to reduce memory usage. Loaded Objects now: 2443.
Total: 1.345000 ms (FindLiveObjects: 0.138400 ms CreateObjectMapping: 0.049200 ms MarkObjects: 1.147400 ms  DeleteObjects: 0.009300 ms)

========================================================================
Received Prepare
Registering precompiled user dll's ...
Registered in 0.000437 seconds.
Begin MonoManager ReloadAssembly
Native extension for WindowsStandalone target not found
Refreshing native plugins compatible for Editor in 0.30 ms, found 1 plugins.
Preloading 0 native plugins for Editor in 0.00 ms.
Mono: successfully reloaded assembly
- Completed reload, in  0.566 seconds
Platform modules already initialized, skipping
Refreshing native plugins compatible for Editor in 0.25 ms, found 1 plugins.
Preloading 0 native plugins for Editor in 0.00 ms.
Unloading 1804 Unused Serialized files (Serialized files now loaded: 0)
System memory in use before: 87.9 MB.
System memory in use after: 88.0 MB.

Unloading 7 unused Assets to reduce memory usage. Loaded Objects now: 2447.
Total: 1.376400 ms (FindLiveObjects: 0.141800 ms CreateObjectMapping: 0.054200 ms MarkObjects: 1.169500 ms  DeleteObjects: 0.010400 ms)

========================================================================
Received Prepare
Registering precompiled user dll's ...
Registered in 0.000397 seconds.
Begin MonoManager ReloadAssembly
Native extension for WindowsStandalone target not found
Refreshing native plugins compatible for Editor in 0.29 ms, found 1 plugins.
Preloading 0 native plugins for Editor in 0.00 ms.
Mono: successfully reloaded assembly
- Completed reload, in  0.574 seconds
Platform modules already initialized, skipping
Refreshing native plugins compatible for Editor in 0.22 ms, found 1 plugins.
Preloading 0 native plugins for Editor in 0.00 ms.
Unloading 1804 Unused Serialized files (Serialized files now loaded: 0)
System memory in use before: 87.9 MB.
System memory in use after: 88.0 MB.

Unloading 7 unused Assets to reduce memory usage. Loaded Objects now: 2451.
Total: 1.328300 ms (FindLiveObjects: 0.136300 ms CreateObjectMapping: 0.048700 ms MarkObjects: 1.133900 ms  DeleteObjects: 0.008700 ms)

========================================================================
Received Prepare
Registering precompiled user dll's ...
Registered in 0.000501 seconds.
Begin MonoManager ReloadAssembly
Native extension for WindowsStandalone target not found
Refreshing native plugins compatible for Editor in 0.30 ms, found 1 plugins.
Preloading 0 native plugins for Editor in 0.00 ms.
Mono: successfully reloaded assembly
- Completed reload, in  0.587 seconds
Platform modules already initialized, skipping
Refreshing native plugins compatible for Editor in 0.23 ms, found 1 plugins.
Preloading 0 native plugins for Editor in 0.00 ms.
Unloading 1804 Unused Serialized files (Serialized files now loaded: 0)
System memory in use before: 87.9 MB.
System memory in use after: 88.0 MB.

Unloading 7 unused Assets to reduce memory usage. Loaded Objects now: 2455.
Total: 1.345000 ms (FindLiveObjects: 0.144500 ms CreateObjectMapping: 0.050200 ms MarkObjects: 1.140400 ms  DeleteObjects: 0.009200 ms)

========================================================================
Received Prepare
Registering precompiled user dll's ...
Registered in 0.000496 seconds.
Begin MonoManager ReloadAssembly
Native extension for WindowsStandalone target not found
Refreshing native plugins compatible for Editor in 0.29 ms, found 1 plugins.
Preloading 0 native plugins for Editor in 0.00 ms.
Mono: successfully reloaded assembly
- Completed reload, in  0.586 seconds
Platform modules already initialized, skipping
Refreshing native plugins compatible for Editor in 0.28 ms, found 1 plugins.
Preloading 0 native plugins for Editor in 0.00 ms.
Unloading 1804 Unused Serialized files (Serialized files now loaded: 0)
System memory in use before: 87.9 MB.
System memory in use after: 88.0 MB.

Unloading 7 unused Assets to reduce memory usage. Loaded Objects now: 2459.
Total: 1.418100 ms (FindLiveObjects: 0.161900 ms CreateObjectMapping: 0.054500 ms MarkObjects: 1.191100 ms  DeleteObjects: 0.010000 ms)

========================================================================
Received Prepare
Registering precompiled user dll's ...
Registered in 0.000436 seconds.
Begin MonoManager ReloadAssembly
Native extension for WindowsStandalone target not found
Refreshing native plugins compatible for Editor in 0.29 ms, found 1 plugins.
Preloading 0 native plugins for Editor in 0.00 ms.
Mono: successfully reloaded assembly
- Completed reload, in  0.583 seconds
Platform modules already initialized, skipping
Refreshing native plugins compatible for Editor in 0.24 ms, found 1 plugins.
Preloading 0 native plugins for Editor in 0.00 ms.
Unloading 1804 Unused Serialized files (Serialized files now loaded: 0)
System memory in use before: 87.9 MB.
System memory in use after: 88.0 MB.

Unloading 7 unused Assets to reduce memory usage. Loaded Objects now: 2463.
Total: 1.408100 ms (FindLiveObjects: 0.150600 ms CreateObjectMapping: 0.051400 ms MarkObjects: 1.195800 ms  DeleteObjects: 0.009700 ms)

========================================================================
Received Prepare
Registering precompiled user dll's ...
Registered in 0.000509 seconds.
Begin MonoManager ReloadAssembly
Native extension for WindowsStandalone target not found
Refreshing native plugins compatible for Editor in 0.29 ms, found 1 plugins.
Preloading 0 native plugins for Editor in 0.00 ms.
Mono: successfully reloaded assembly
- Completed reload, in  0.590 seconds
Platform modules already initialized, skipping
Refreshing native plugins compatible for Editor in 0.28 ms, found 1 plugins.
Preloading 0 native plugins for Editor in 0.00 ms.
Unloading 1804 Unused Serialized files (Serialized files now loaded: 0)
System memory in use before: 87.9 MB.
System memory in use after: 88.0 MB.

Unloading 7 unused Assets to reduce memory usage. Loaded Objects now: 2467.
Total: 1.434000 ms (FindLiveObjects: 0.161300 ms CreateObjectMapping: 0.053300 ms MarkObjects: 1.208600 ms  DeleteObjects: 0.010100 ms)

========================================================================
Received Prepare
Registering precompiled user dll's ...
Registered in 0.000475 seconds.
Begin MonoManager ReloadAssembly
Native extension for WindowsStandalone target not found
Refreshing native plugins compatible for Editor in 0.29 ms, found 1 plugins.
Preloading 0 native plugins for Editor in 0.00 ms.
Mono: successfully reloaded assembly
- Completed reload, in  0.573 seconds
Platform modules already initialized, skipping
Refreshing native plugins compatible for Editor in 0.27 ms, found 1 plugins.
Preloading 0 native plugins for Editor in 0.00 ms.
Unloading 1804 Unused Serialized files (Serialized files now loaded: 0)
System memory in use before: 87.9 MB.
System memory in use after: 88.0 MB.

Unloading 7 unused Assets to reduce memory usage. Loaded Objects now: 2471.
Total: 1.466800 ms (FindLiveObjects: 0.137200 ms CreateObjectMapping: 0.051400 ms MarkObjects: 1.265500 ms  DeleteObjects: 0.012200 ms)

========================================================================
Received Prepare
Registering precompiled user dll's ...
Registered in 0.000384 seconds.
Begin MonoManager ReloadAssembly
Native extension for WindowsStandalone target not found
Refreshing native plugins compatible for Editor in 0.30 ms, found 1 plugins.
Preloading 0 native plugins for Editor in 0.00 ms.
Mono: successfully reloaded assembly
- Completed reload, in  0.593 seconds
Platform modules already initialized, skipping
Refreshing native plugins compatible for Editor in 0.25 ms, found 1 plugins.
Preloading 0 native plugins for Editor in 0.00 ms.
Unloading 1804 Unused Serialized files (Serialized files now loaded: 0)
System memory in use before: 87.9 MB.
System memory in use after: 88.0 MB.

Unloading 7 unused Assets to reduce memory usage. Loaded Objects now: 2475.
Total: 1.587900 ms (FindLiveObjects: 0.215800 ms CreateObjectMapping: 0.080900 ms MarkObjects: 1.281300 ms  DeleteObjects: 0.009300 ms)

========================================================================
Received Prepare
Registering precompiled user dll's ...
Registered in 0.000458 seconds.
Begin MonoManager ReloadAssembly
Native extension for WindowsStandalone target not found
Refreshing native plugins compatible for Editor in 0.29 ms, found 1 plugins.
Preloading 0 native plugins for Editor in 0.00 ms.
Mono: successfully reloaded assembly
- Completed reload, in  0.588 seconds
Platform modules already initialized, skipping
Refreshing native plugins compatible for Editor in 0.30 ms, found 1 plugins.
Preloading 0 native plugins for Editor in 0.00 ms.
Unloading 1804 Unused Serialized files (Serialized files now loaded: 0)
System memory in use before: 87.9 MB.
System memory in use after: 88.0 MB.

Unloading 7 unused Assets to reduce memory usage. Loaded Objects now: 2479.
Total: 1.423100 ms (FindLiveObjects: 0.159200 ms CreateObjectMapping: 0.052000 ms MarkObjects: 1.200000 ms  DeleteObjects: 0.011300 ms)

========================================================================
Received Prepare
Registering precompiled user dll's ...
Registered in 0.000438 seconds.
Begin MonoManager ReloadAssembly
Native extension for WindowsStandalone target not found
Refreshing native plugins compatible for Editor in 0.29 ms, found 1 plugins.
Preloading 0 native plugins for Editor in 0.00 ms.
Mono: successfully reloaded assembly
- Completed reload, in  0.573 seconds
Platform modules already initialized, skipping
Refreshing native plugins compatible for Editor in 0.25 ms, found 1 plugins.
Preloading 0 native plugins for Editor in 0.00 ms.
Unloading 1804 Unused Serialized files (Serialized files now loaded: 0)
System memory in use before: 87.9 MB.
System memory in use after: 88.1 MB.

Unloading 7 unused Assets to reduce memory usage. Loaded Objects now: 2483.
Total: 1.525900 ms (FindLiveObjects: 0.166300 ms CreateObjectMapping: 0.052000 ms MarkObjects: 1.294900 ms  DeleteObjects: 0.012100 ms)

========================================================================
Received Prepare
Registering precompiled user dll's ...
Registered in 0.000454 seconds.
Begin MonoManager ReloadAssembly
Native extension for WindowsStandalone target not found
Refreshing native plugins compatible for Editor in 0.29 ms, found 1 plugins.
Preloading 0 native plugins for Editor in 0.00 ms.
Mono: successfully reloaded assembly
- Completed reload, in  0.570 seconds
Platform modules already initialized, skipping
Refreshing native plugins compatible for Editor in 0.23 ms, found 1 plugins.
Preloading 0 native plugins for Editor in 0.00 ms.
Unloading 1804 Unused Serialized files (Serialized files now loaded: 0)
System memory in use before: 87.9 MB.
System memory in use after: 88.1 MB.

Unloading 7 unused Assets to reduce memory usage. Loaded Objects now: 2487.
Total: 1.373700 ms (FindLiveObjects: 0.141800 ms CreateObjectMapping: 0.063700 ms MarkObjects: 1.155500 ms  DeleteObjects: 0.012100 ms)

========================================================================
Received Import Request.
  Time since last request: 1095.228882 seconds.
  path: Assets
  artifactKey: Guid(00000000000000001000000000000000) Importer(815301076,1909f56bfc062723c751e8b465ee728b)
Start importing Assets using Guid(00000000000000001000000000000000) Importer(815301076,1909f56bfc062723c751e8b465ee728b)  -> (artifact id: '42d402b061de3733987d63b9cc3b64de') in 0.006796 seconds
  Import took 0.009178 seconds .

